\BOOKMARK [0][-]{chapter*.1}{Foreword}{}% 1
\BOOKMARK [0][-]{chapter*.2}{Preface}{}% 2
\BOOKMARK [0][-]{chapter*.3}{Contributors}{}% 3
\BOOKMARK [-1][-]{part.1}{I Physics}{}% 4
\BOOKMARK [0][-]{chapter.1}{General Relativity}{part.1}% 5
\BOOKMARK [1][-]{section.1.1}{Anti De Sitter Space \(AdS\)}{chapter.1}% 6
\BOOKMARK [0][-]{chapter.2}{Quantum Field Theory}{part.1}% 7
\BOOKMARK [1][-]{section.2.1}{Rarita-Schwinger equation}{chapter.2}% 8
\BOOKMARK [2][-]{subsection.2.1.1}{Massless case}{section.2.1}% 9
\BOOKMARK [2][-]{subsection.2.1.2}{Massive case}{section.2.1}% 10
\BOOKMARK [0][-]{chapter.3}{Supersymmetry}{part.1}% 11
\BOOKMARK [1][-]{section.3.1}{Supermultiplets}{chapter.3}% 12
\BOOKMARK [2][-]{subsection.3.1.1}{Massless supermultiplets}{section.3.1}% 13
\BOOKMARK [2][-]{subsection.3.1.2}{Supermultiplets of extended supersymmetry}{section.3.1}% 14
\BOOKMARK [2][-]{subsection.3.1.3}{Massive supermultiplets}{section.3.1}% 15
\BOOKMARK [1][-]{section.3.2}{General}{chapter.3}% 16
\BOOKMARK [1][-]{section.3.3}{Bogomol'nyi-Prasad-Sommerfield \(BPS\) states}{chapter.3}% 17
\BOOKMARK [1][-]{section.3.4}{Supersymmetric theories on curved manifolds}{chapter.3}% 18
\BOOKMARK [-1][-]{part.2}{II Mathematics}{}% 19
\BOOKMARK [0][-]{chapter.4}{Group Theory}{part.2}% 20
\BOOKMARK [1][-]{section.4.1}{Basic Definitions}{chapter.4}% 21
\BOOKMARK [0][-]{chapter.5}{Differential Geometry}{part.2}% 22
\BOOKMARK [1][-]{section.5.1}{General}{chapter.5}% 23
\BOOKMARK [1][-]{section.5.2}{Differential Forms}{chapter.5}% 24
\BOOKMARK [2][-]{subsection.5.2.1}{Exterior forms}{section.5.2}% 25
\BOOKMARK [3][-]{subsubsection.5.2.1.1}{Definitions}{subsection.5.2.1}% 26
\BOOKMARK [3][-]{subsubsection.5.2.1.2}{Exterior Products}{subsection.5.2.1}% 27
\BOOKMARK [3][-]{subsubsection.5.2.1.3}{Behaviour under mappings}{subsection.5.2.1}% 28
\BOOKMARK [2][-]{subsection.5.2.2}{Differential Forms}{section.5.2}% 29
\BOOKMARK [3][-]{subsubsection.5.2.2.1}{Behaviour under mappings}{subsection.5.2.2}% 30
\BOOKMARK [2][-]{subsection.5.2.3}{Integration of Differential Forms over Chains}{section.5.2}% 31
\BOOKMARK [3][-]{subsubsection.5.2.3.1}{Integration of k-form over k-dimensional cell}{subsection.5.2.3}% 32
\BOOKMARK [3][-]{subsubsection.5.2.3.2}{Chains and the Boundary Operator}{subsection.5.2.3}% 33
\BOOKMARK [3][-]{subsubsection.5.2.3.3}{Integration of a k-form over a k-chain}{subsection.5.2.3}% 34
\BOOKMARK [2][-]{subsection.5.2.4}{Exterior Differentiation and Stokes Formula}{section.5.2}% 35
\BOOKMARK [3][-]{subsubsection.5.2.4.1}{Stokes' Formula}{subsection.5.2.4}% 36
\BOOKMARK [2][-]{subsection.5.2.5}{Homologies and Cohomologies}{section.5.2}% 37
\BOOKMARK [3][-]{subsubsection.5.2.5.1}{Closed and Exact Forms}{subsection.5.2.5}% 38
\BOOKMARK [3][-]{subsubsection.5.2.5.2}{Cycles and Boundaries}{subsection.5.2.5}% 39
\BOOKMARK [3][-]{subsubsection.5.2.5.3}{Homologies and Cohomologies}{subsection.5.2.5}% 40
\BOOKMARK [2][-]{subsection.5.2.6}{Homologies and Homotopies}{section.5.2}% 41
\BOOKMARK [1][-]{section.5.3}{Contact Manifolds}{chapter.5}% 42
\BOOKMARK [1][-]{section.5.4}{Symplectic Geometry}{chapter.5}% 43
\BOOKMARK [1][-]{section.5.5}{Complex Manifolds}{chapter.5}% 44
