\BOOKMARK [-1][-]{part.1}{I Physics}{}% 1
\BOOKMARK [0][-]{chapter.1}{General Relativity}{part.1}% 2
\BOOKMARK [1][-]{section.1.1}{Anti De Sitter Space \(AdS\)}{chapter.1}% 3
\BOOKMARK [0][-]{chapter.2}{Quantum Field Theory}{part.1}% 4
\BOOKMARK [1][-]{section.2.1}{Rarita-Schwinger equation}{chapter.2}% 5
\BOOKMARK [2][-]{subsection.2.1.1}{Massless case}{section.2.1}% 6
\BOOKMARK [2][-]{subsection.2.1.2}{Massive case}{section.2.1}% 7
\BOOKMARK [1][-]{section.2.2}{Wilson Loops and Large N}{chapter.2}% 8
\BOOKMARK [2][-]{subsection.2.2.1}{Wilson Loops}{section.2.2}% 9
\BOOKMARK [2][-]{subsection.2.2.2}{Yang-Mills Theories}{section.2.2}% 10
\BOOKMARK [2][-]{subsection.2.2.3}{1/N Expansion}{section.2.2}% 11
\BOOKMARK [2][-]{subsection.2.2.4}{Planar and Nonplanar Graphs}{section.2.2}% 12
\BOOKMARK [2][-]{subsection.2.2.5}{Large-N factorization}{section.2.2}% 13
\BOOKMARK [2][-]{subsection.2.2.6}{Conclusion}{section.2.2}% 14
\BOOKMARK [1][-]{section.2.3}{T deformation}{chapter.2}% 15
\BOOKMARK [2][-]{subsection.2.3.1}{Overview}{section.2.3}% 16
\BOOKMARK [2][-]{subsection.2.3.2}{One-point expectation functions}{section.2.3}% 17
\BOOKMARK [2][-]{subsection.2.3.3}{Assumptions and main idea of the argument}{section.2.3}% 18
\BOOKMARK [2][-]{subsection.2.3.4}{Operator Product Expansion}{section.2.3}% 19
\BOOKMARK [2][-]{subsection.2.3.5}{Dimensional Analysis}{section.2.3}% 20
\BOOKMARK [2][-]{subsection.2.3.6}{Further remarks}{section.2.3}% 21
\BOOKMARK [1][-]{section.2.4}{T as a TsT transformation}{chapter.2}% 22
\BOOKMARK [2][-]{subsection.2.4.1}{T deformations and uniform light-cone gauge}{section.2.4}% 23
\BOOKMARK [0][-]{chapter.3}{Supersymmetry}{part.1}% 24
\BOOKMARK [1][-]{section.3.1}{Supermultiplets}{chapter.3}% 25
\BOOKMARK [2][-]{subsection.3.1.1}{Massless supermultiplets}{section.3.1}% 26
\BOOKMARK [2][-]{subsection.3.1.2}{Supermultiplets of extended supersymmetry}{section.3.1}% 27
\BOOKMARK [2][-]{subsection.3.1.3}{Massive supermultiplets}{section.3.1}% 28
\BOOKMARK [1][-]{section.3.2}{General}{chapter.3}% 29
\BOOKMARK [1][-]{section.3.3}{Bogomol'nyi-Prasad-Sommerfield \(BPS\) states}{chapter.3}% 30
\BOOKMARK [1][-]{section.3.4}{Supersymmetric theories on curved manifolds}{chapter.3}% 31
\BOOKMARK [1][-]{section.3.5}{Supersymmetric Chern-Simons-matter theories}{chapter.3}% 32
\BOOKMARK [2][-]{subsection.3.5.1}{Conventions}{section.3.5}% 33
\BOOKMARK [2][-]{subsection.3.5.2}{Vector multiplet and supersymmetric Chern-Simons theory}{section.3.5}% 34
\BOOKMARK [2][-]{subsection.3.5.3}{Supersymmetric matter multiplets}{section.3.5}% 35
\BOOKMARK [2][-]{subsection.3.5.4}{ABJM theory}{section.3.5}% 36
\BOOKMARK [1][-]{section.3.6}{A brief review of Chern-Simons theory}{chapter.3}% 37
\BOOKMARK [2][-]{subsection.3.6.1}{Perturbative approach}{section.3.6}% 38
\BOOKMARK [2][-]{subsection.3.6.2}{The one-loop contribution}{section.3.6}% 39
\BOOKMARK [0][-]{chapter.4}{Entaglement Entropy}{part.1}% 40
\BOOKMARK [1][-]{section.4.1}{Introduction to Entaglement entropy}{chapter.4}% 41
\BOOKMARK [1][-]{section.4.2}{Classical Term in the Continuum Limit}{chapter.4}% 42
\BOOKMARK [2][-]{subsection.4.2.1}{U\(1\) Abelian Theory}{section.4.2}% 43
\BOOKMARK [2][-]{subsection.4.2.2}{Non-Abelian Theory}{section.4.2}% 44
\BOOKMARK [2][-]{subsection.4.2.3}{p-Form Abelian Gauge Theory}{section.4.2}% 45
\BOOKMARK [1][-]{section.4.3}{Entanglement and Dualities}{chapter.4}% 46
\BOOKMARK [1][-]{section.4.4}{Conclusions}{chapter.4}% 47
\BOOKMARK [0][-]{chapter.5}{Strings and Conformal Field Theory}{part.1}% 48
\BOOKMARK [1][-]{section.5.1}{String theory as a CFT}{chapter.5}% 49
\BOOKMARK [2][-]{subsection.5.1.1}{Variables and coordinates in the CFT formulation}{section.5.1}% 50
\BOOKMARK [2][-]{subsection.5.1.2}{Operator Product Expansion}{section.5.1}% 51
\BOOKMARK [2][-]{subsection.5.1.3}{Primary fields \046 Highest weight states}{section.5.1}% 52
\BOOKMARK [2][-]{subsection.5.1.4}{BRST charge \046 Vertex operators}{section.5.1}% 53
\BOOKMARK [1][-]{section.5.2}{T Duality}{chapter.5}% 54
\BOOKMARK [2][-]{subsection.5.2.1}{Equations of motion \046 momentum}{section.5.2}% 55
\BOOKMARK [2][-]{subsection.5.2.2}{Compactification of a space dimension}{section.5.2}% 56
\BOOKMARK [2][-]{subsection.5.2.3}{Mass operator \046 winding modes}{section.5.2}% 57
\BOOKMARK [2][-]{subsection.5.2.4}{Action of T-duality on the string coordinate}{section.5.2}% 58
\BOOKMARK [2][-]{subsection.5.2.5}{T-duality in open string theory}{section.5.2}% 59
\BOOKMARK [2][-]{subsection.5.2.6}{Dp-branes}{section.5.2}% 60
\BOOKMARK [1][-]{section.5.3}{Bosonic Boundary State}{chapter.5}% 61
\BOOKMARK [2][-]{subsection.5.3.1}{Transformation from the open channel to the closed channel}{section.5.3}% 62
\BOOKMARK [2][-]{subsection.5.3.2}{Boundary states}{section.5.3}% 63
\BOOKMARK [2][-]{subsection.5.3.3}{Ghost contributions to the boundary state}{section.5.3}% 64
\BOOKMARK [1][-]{section.5.4}{Dynamic D Branes}{chapter.5}% 65
\BOOKMARK [2][-]{subsection.5.4.1}{Boosted and Rotated Boundary State}{section.5.4}% 66
\BOOKMARK [2][-]{subsection.5.4.2}{Boosted Boundary State}{section.5.4}% 67
\BOOKMARK [2][-]{subsection.5.4.3}{Interaction Between Branes}{section.5.4}% 68
\BOOKMARK [0][-]{chapter.6}{More on T-duality and the TsT transformation}{part.1}% 69
\BOOKMARK [1][-]{section.6.1}{The notion of Bosonic and Fermionic T-duality}{chapter.6}% 70
\BOOKMARK [0][-]{chapter.7}{Schwarzian Quantum Mechanics}{part.1}% 71
\BOOKMARK [1][-]{section.7.1}{Overview}{chapter.7}% 72
\BOOKMARK [1][-]{section.7.2}{Schrödinger formulation}{chapter.7}% 73
\BOOKMARK [2][-]{subsection.7.2.1}{Zero Temperature}{section.7.2}% 74
\BOOKMARK [2][-]{subsection.7.2.2}{Finite temperature}{section.7.2}% 75
\BOOKMARK [1][-]{section.7.3}{Particle in a magnetic field}{chapter.7}% 76
\BOOKMARK [0][-]{chapter.8}{Partition function in two dimensions}{part.1}% 77
\BOOKMARK [1][-]{section.8.1}{Spectral Density from ZZ branes}{chapter.8}% 78
\BOOKMARK [1][-]{section.8.2}{Schwarzian correlators from ZZ branes}{chapter.8}% 79
\BOOKMARK [0][-]{chapter.9}{ZZ-branes}{part.1}% 80
\BOOKMARK [1][-]{section.9.1}{Overview}{chapter.9}% 81
\BOOKMARK [1][-]{section.9.2}{Properties of ZZ branes}{chapter.9}% 82
\BOOKMARK [0][-]{chapter.10}{Statistical Physics}{part.1}% 83
\BOOKMARK [1][-]{section.10.1}{The Ising Model}{chapter.10}% 84
\BOOKMARK [2][-]{subsection.10.1.1}{Estimation of the Critical Temperature in 2d and 3d}{section.10.1}% 85
\BOOKMARK [2][-]{subsection.10.1.2}{Kramers-Wannier duality}{section.10.1}% 86
\BOOKMARK [2][-]{subsection.10.1.3}{Note on Correspondence to String Theory}{section.10.1}% 87
\BOOKMARK [2][-]{subsection.10.1.4}{Conclusion}{section.10.1}% 88
\BOOKMARK [0][-]{chapter.11}{Lattices and Structure Definitions}{part.1}% 89
\BOOKMARK [1][-]{section.11.1}{Dual Lattice}{chapter.11}% 90
\BOOKMARK [1][-]{section.11.2}{Korkine-Zolotarev bases}{chapter.11}% 91
\BOOKMARK [0][-]{chapter.12}{Introduction to Density Functional Theory}{part.1}% 92
\BOOKMARK [1][-]{section.12.1}{The many-body problem}{chapter.12}% 93
\BOOKMARK [1][-]{section.12.2}{The universal density functional}{chapter.12}% 94
\BOOKMARK [2][-]{subsection.12.2.1}{The Hohenberg-Kohn theorem}{section.12.2}% 95
\BOOKMARK [-1][-]{part.2}{II Mathematics}{}% 96
\BOOKMARK [0][-]{chapter.13}{Group Theory}{part.2}% 97
\BOOKMARK [1][-]{section.13.1}{Basic Definitions}{chapter.13}% 98
\BOOKMARK [1][-]{section.13.2}{Lie groups and representations}{chapter.13}% 99
\BOOKMARK [2][-]{subsection.13.2.1}{Representations}{section.13.2}% 100
\BOOKMARK [2][-]{subsection.13.2.2}{Some noteworthy points}{section.13.2}% 101
\BOOKMARK [2][-]{subsection.13.2.3}{Example}{section.13.2}% 102
\BOOKMARK [2][-]{subsection.13.2.4}{More points}{section.13.2}% 103
\BOOKMARK [2][-]{subsection.13.2.5}{Certain Types of Representations}{section.13.2}% 104
\BOOKMARK [2][-]{subsection.13.2.6}{Usefulness of Lie group representations}{section.13.2}% 105
\BOOKMARK [1][-]{section.13.3}{Automorphic Forms}{chapter.13}% 106
\BOOKMARK [2][-]{subsection.13.3.1}{Eisenstein and Jacobi Theta series}{section.13.3}% 107
\BOOKMARK [2][-]{subsection.13.3.2}{Continuous representations and Eisenstein series}{section.13.3}% 108
\BOOKMARK [0][-]{chapter.14}{Differential Geometry}{part.2}% 109
\BOOKMARK [1][-]{section.14.1}{General}{chapter.14}% 110
\BOOKMARK [1][-]{section.14.2}{Differential Forms}{chapter.14}% 111
\BOOKMARK [2][-]{subsection.14.2.1}{Exterior forms}{section.14.2}% 112
\BOOKMARK [2][-]{subsection.14.2.2}{Differential Forms}{section.14.2}% 113
\BOOKMARK [2][-]{subsection.14.2.3}{Integration of Differential Forms over Chains}{section.14.2}% 114
\BOOKMARK [2][-]{subsection.14.2.4}{Exterior Differentiation and Stokes Formula}{section.14.2}% 115
\BOOKMARK [2][-]{subsection.14.2.5}{Homologies and Cohomologies}{section.14.2}% 116
\BOOKMARK [2][-]{subsection.14.2.6}{Homologies and Homotopies}{section.14.2}% 117
\BOOKMARK [1][-]{section.14.3}{Contact Manifolds}{chapter.14}% 118
\BOOKMARK [1][-]{section.14.4}{Symplectic Geometry}{chapter.14}% 119
\BOOKMARK [1][-]{section.14.5}{Complex Manifolds}{chapter.14}% 120
\BOOKMARK [1][-]{section.14.6}{Gauss-Bonet Theorem}{chapter.14}% 121
\BOOKMARK [2][-]{subsection.14.6.1}{Topological preliminaries}{section.14.6}% 122
\BOOKMARK [2][-]{subsection.14.6.2}{Local Gauss-Bonnet Theorem}{section.14.6}% 123
\BOOKMARK [2][-]{subsection.14.6.3}{Global Gauss-Bonnet Theorem}{section.14.6}% 124
\BOOKMARK [2][-]{subsection.14.6.4}{Applications}{section.14.6}% 125
