\BOOKMARK [0][-]{chapter*.1}{Foreword}{}% 1
\BOOKMARK [0][-]{chapter*.2}{Preface}{}% 2
\BOOKMARK [0][-]{chapter*.3}{Contributors}{}% 3
\BOOKMARK [-1][-]{part.1}{I Physics}{}% 4
\BOOKMARK [0][-]{chapter.1}{General Relativity}{part.1}% 5
\BOOKMARK [1][-]{section.1.1}{Anti De Sitter Space \(AdS\)}{chapter.1}% 6
\BOOKMARK [0][-]{chapter.2}{Quantum Field Theory}{part.1}% 7
\BOOKMARK [1][-]{section.2.1}{Rarita-Schwinger equation}{chapter.2}% 8
\BOOKMARK [2][-]{subsection.2.1.1}{Massless case}{section.2.1}% 9
\BOOKMARK [2][-]{subsection.2.1.2}{Massive case}{section.2.1}% 10
\BOOKMARK [0][-]{chapter.3}{Supersymmetry}{part.1}% 11
\BOOKMARK [1][-]{section.3.1}{Supermultiplets}{chapter.3}% 12
\BOOKMARK [2][-]{subsection.3.1.1}{Massless supermultiplets}{section.3.1}% 13
\BOOKMARK [2][-]{subsection.3.1.2}{Supermultiplets of extended supersymmetry}{section.3.1}% 14
\BOOKMARK [2][-]{subsection.3.1.3}{Massive supermultiplets}{section.3.1}% 15
\BOOKMARK [1][-]{section.3.2}{General}{chapter.3}% 16
\BOOKMARK [1][-]{section.3.3}{Bogomol'nyi-Prasad-Sommerfield \(BPS\) states}{chapter.3}% 17
\BOOKMARK [1][-]{section.3.4}{Supersymmetric theories on curved manifolds}{chapter.3}% 18
\BOOKMARK [-1][-]{part.2}{II Mathematics}{}% 19
\BOOKMARK [0][-]{chapter.4}{Group Theory}{part.2}% 20
\BOOKMARK [1][-]{section.4.1}{Basic Definitions}{chapter.4}% 21
\BOOKMARK [0][-]{chapter.5}{Differential Geometry}{part.2}% 22
\BOOKMARK [1][-]{section.5.1}{General}{chapter.5}% 23
\BOOKMARK [1][-]{section.5.2}{Contact Manifolds}{chapter.5}% 24
\BOOKMARK [1][-]{section.5.3}{Symplectic Geometry}{chapter.5}% 25
\BOOKMARK [1][-]{section.5.4}{Complex Manifolds}{chapter.5}% 26
